<?xml version="1.0" encoding="UTF-8"?>
<testsuite xmlns:xsi="http://www.w3.org/2001/XMLSchema-instance" xsi:noNamespaceSchemaLocation="https://maven.apache.org/surefire/maven-surefire-plugin/xsd/surefire-test-report-3.0.xsd" version="3.0" name="com.team12.flightmanagement.ContextLoadsTest" time="0.51" tests="1" errors="0" skipped="0" failures="0">
  <properties>
[...]
</properties>
  <testcase name="contextLoads" classname="com.team12.flightmanagement.ContextLoadsTest" time="0.002">
    <system-out><![CDATA[2025-08-09T23:18:21.081-02:30  INFO 26004 --- [flightmanagement] [           main] t.c.s.AnnotationConfigContextLoaderUtils : Could not detect default configuration classes for test class [com.team12.flightmanagement.ContextLoadsTest]: ContextLoadsTest does not declare any static, non-private, non-final, nested classes annotated with @Configuration.
2025-08-09T23:18:21.086-02:30  INFO 26004 --- [flightmanagement] [           main] .b.t.c.SpringBootTestContextBootstrapper : Found @SpringBootConfiguration com.team12.flightmanagement.FlightmanagementApplication for test class com.team12.flightmanagement.ContextLoadsTest

  .   ____          _            __ _ _
 /\\ / ___'_ __ _ _(_)_ __  __ _ \ \ \ \
( ( )\___ | '_ | '_| | '_ \/ _` | \ \ \ \
 \\/  ___)| |_)| | | | | || (_| |  ) ) ) )
  '  |____| .__|_| |_|_| |_\__, | / / / /
 =========|_|==============|___/=/_/_/_/
 :: Spring Boot ::                (v3.2.5)

2025-08-09T23:18:21.112-02:30  INFO 26004 --- [flightmanagement] [           main] c.t.flightmanagement.ContextLoadsTest    : Starting ContextLoadsTest using Java 21.0.7 with PID 26004 (started by Morrison in C:\Users\Morrison\Documents\Keyin_College\Term4_Sprint1\flight_management_api)
2025-08-09T23:18:21.112-02:30  INFO 26004 --- [flightmanagement] [           main] c.t.flightmanagement.ContextLoadsTest    : The following 1 profile is active: "test"
2025-08-09T23:18:21.231-02:30  INFO 26004 --- [flightmanagement] [           main] .s.d.r.c.RepositoryConfigurationDelegate : Bootstrapping Spring Data JPA repositories in DEFAULT mode.
2025-08-09T23:18:21.244-02:30  INFO 26004 --- [flightmanagement] [           main] .s.d.r.c.RepositoryConfigurationDelegate : Finished Spring Data repository scanning in 11 ms. Found 5 JPA repository interfaces.
2025-08-09T23:18:21.303-02:30  INFO 26004 --- [flightmanagement] [           main] o.hibernate.jpa.internal.util.LogHelper  : HHH000204: Processing PersistenceUnitInfo [name: default]
2025-08-09T23:18:21.305-02:30  INFO 26004 --- [flightmanagement] [           main] o.h.c.internal.RegionFactoryInitiator    : HHH000026: Second-level cache disabled
2025-08-09T23:18:21.309-02:30  INFO 26004 --- [flightmanagement] [           main] o.s.o.j.p.SpringPersistenceUnitInfo      : No LoadTimeWeaver setup: ignoring JPA class transformer
2025-08-09T23:18:21.310-02:30  INFO 26004 --- [flightmanagement] [           main] com.zaxxer.hikari.HikariDataSource       : HikariPool-2 - Starting...
2025-08-09T23:18:21.311-02:30  INFO 26004 --- [flightmanagement] [           main] com.zaxxer.hikari.pool.HikariPool        : HikariPool-2 - Added connection conn10: url=jdbc:h2:mem:testdb user=SA
2025-08-09T23:18:21.311-02:30  INFO 26004 --- [flightmanagement] [           main] com.zaxxer.hikari.HikariDataSource       : HikariPool-2 - Start completed.
2025-08-09T23:18:21.401-02:30  INFO 26004 --- [flightmanagement] [           main] o.h.e.t.j.p.i.JtaPlatformInitiator       : HHH000489: No JTA platform available (set 'hibernate.transaction.jta.platform' to enable JTA platform integration)
2025-08-09T23:18:21.416-02:30  INFO 26004 --- [flightmanagement] [           main] j.LocalContainerEntityManagerFactoryBean : Initialized JPA EntityManagerFactory for persistence unit 'default'
2025-08-09T23:18:21.493-02:30  WARN 26004 --- [flightmanagement] [           main] JpaBaseConfiguration$JpaWebConfiguration : spring.jpa.open-in-view is enabled by default. Therefore, database queries may be performed during view rendering. Explicitly configure spring.jpa.open-in-view to disable this warning
2025-08-09T23:18:21.564-02:30  INFO 26004 --- [flightmanagement] [           main] c.t.flightmanagement.ContextLoadsTest    : Started ContextLoadsTest in 0.475 seconds (process running for 6.007)
]]></system-out>
  </testcase>
</testsuite>