<?xml version="1.0" encoding="UTF-8"?>
<testsuite xmlns:xsi="http://www.w3.org/2001/XMLSchema-instance" xsi:noNamespaceSchemaLocation="https://maven.apache.org/surefire/maven-surefire-plugin/xsd/surefire-test-report-3.0.xsd" version="3.0" name="com.team12.flightmanagement.FlightmanagementApplicationTests" time="3.388" tests="1" errors="0" skipped="0" failures="0">
  <properties>
[...]
</properties>
  <testcase name="contextLoads" classname="com.team12.flightmanagement.FlightmanagementApplicationTests" time="0.275">
    <system-out><![CDATA[23:47:07.273 [main] INFO org.springframework.test.context.support.AnnotationConfigContextLoaderUtils -- Could not detect default configuration classes for test class [com.team12.flightmanagement.FlightmanagementApplicationTests]: FlightmanagementApplicationTests does not declare any static, non-private, non-final, nested classes annotated with @Configuration.
23:47:07.329 [main] INFO org.springframework.boot.test.context.SpringBootTestContextBootstrapper -- Found @SpringBootConfiguration com.team12.flightmanagement.FlightmanagementApplication for test class com.team12.flightmanagement.FlightmanagementApplicationTests

  .   ____          _            __ _ _
 /\\ / ___'_ __ _ _(_)_ __  __ _ \ \ \ \
( ( )\___ | '_ | '_| | '_ \/ _` | \ \ \ \
 \\/  ___)| |_)| | | | | || (_| |  ) ) ) )
  '  |____| .__|_| |_|_| |_\__, | / / / /
 =========|_|==============|___/=/_/_/_/
&amp#27;[32m :: Spring Boot :: &amp#27;[39m              &amp#27;[2m (v3.2.5)&amp#27;[0;39m

&amp#27;[2m2025-06-27T23:47:07.518-02:30&amp#27;[0;39m &amp#27;[32m INFO&amp#27;[0;39m &amp#27;[35m88279&amp#27;[0;39m &amp#27;[2m---&amp#27;[0;39m &amp#27;[2m[flightmanagement] [           main]&amp#27;[0;39m &amp#27;[2m&amp#27;[0;39m&amp#27;[36mc.t.f.FlightmanagementApplicationTests  &amp#27;[0;39m &amp#27;[2m:&amp#27;[0;39m Starting FlightmanagementApplicationTests using Java 24.0.1 with PID 88279 (started by stevemorrison in /Users/stevemorrison/flight_management_api)
&amp#27;[2m2025-06-27T23:47:07.518-02:30&amp#27;[0;39m &amp#27;[32m INFO&amp#27;[0;39m &amp#27;[35m88279&amp#27;[0;39m &amp#27;[2m---&amp#27;[0;39m &amp#27;[2m[flightmanagement] [           main]&amp#27;[0;39m &amp#27;[2m&amp#27;[0;39m&amp#27;[36mc.t.f.FlightmanagementApplicationTests  &amp#27;[0;39m &amp#27;[2m:&amp#27;[0;39m No active profile set, falling back to 1 default profile: "default"
&amp#27;[2m2025-06-27T23:47:07.839-02:30&amp#27;[0;39m &amp#27;[32m INFO&amp#27;[0;39m &amp#27;[35m88279&amp#27;[0;39m &amp#27;[2m---&amp#27;[0;39m &amp#27;[2m[flightmanagement] [           main]&amp#27;[0;39m &amp#27;[2m&amp#27;[0;39m&amp#27;[36m.s.d.r.c.RepositoryConfigurationDelegate&amp#27;[0;39m &amp#27;[2m:&amp#27;[0;39m Bootstrapping Spring Data JPA repositories in DEFAULT mode.
&amp#27;[2m2025-06-27T23:47:07.867-02:30&amp#27;[0;39m &amp#27;[32m INFO&amp#27;[0;39m &amp#27;[35m88279&amp#27;[0;39m &amp#27;[2m---&amp#27;[0;39m &amp#27;[2m[flightmanagement] [           main]&amp#27;[0;39m &amp#27;[2m&amp#27;[0;39m&amp#27;[36m.s.d.r.c.RepositoryConfigurationDelegate&amp#27;[0;39m &amp#27;[2m:&amp#27;[0;39m Finished Spring Data repository scanning in 23 ms. Found 4 JPA repository interfaces.
&amp#27;[2m2025-06-27T23:47:08.088-02:30&amp#27;[0;39m &amp#27;[32m INFO&amp#27;[0;39m &amp#27;[35m88279&amp#27;[0;39m &amp#27;[2m---&amp#27;[0;39m &amp#27;[2m[flightmanagement] [           main]&amp#27;[0;39m &amp#27;[2m&amp#27;[0;39m&amp#27;[36mo.hibernate.jpa.internal.util.LogHelper &amp#27;[0;39m &amp#27;[2m:&amp#27;[0;39m HHH000204: Processing PersistenceUnitInfo [name: default]
&amp#27;[2m2025-06-27T23:47:08.116-02:30&amp#27;[0;39m &amp#27;[32m INFO&amp#27;[0;39m &amp#27;[35m88279&amp#27;[0;39m &amp#27;[2m---&amp#27;[0;39m &amp#27;[2m[flightmanagement] [           main]&amp#27;[0;39m &amp#27;[2m&amp#27;[0;39m&amp#27;[36morg.hibernate.Version                   &amp#27;[0;39m &amp#27;[2m:&amp#27;[0;39m HHH000412: Hibernate ORM core version 6.4.4.Final
&amp#27;[2m2025-06-27T23:47:08.132-02:30&amp#27;[0;39m &amp#27;[32m INFO&amp#27;[0;39m &amp#27;[35m88279&amp#27;[0;39m &amp#27;[2m---&amp#27;[0;39m &amp#27;[2m[flightmanagement] [           main]&amp#27;[0;39m &amp#27;[2m&amp#27;[0;39m&amp#27;[36mo.h.c.internal.RegionFactoryInitiator   &amp#27;[0;39m &amp#27;[2m:&amp#27;[0;39m HHH000026: Second-level cache disabled
&amp#27;[2m2025-06-27T23:47:08.257-02:30&amp#27;[0;39m &amp#27;[32m INFO&amp#27;[0;39m &amp#27;[35m88279&amp#27;[0;39m &amp#27;[2m---&amp#27;[0;39m &amp#27;[2m[flightmanagement] [           main]&amp#27;[0;39m &amp#27;[2m&amp#27;[0;39m&amp#27;[36mo.s.o.j.p.SpringPersistenceUnitInfo     &amp#27;[0;39m &amp#27;[2m:&amp#27;[0;39m No LoadTimeWeaver setup: ignoring JPA class transformer
&amp#27;[2m2025-06-27T23:47:08.270-02:30&amp#27;[0;39m &amp#27;[32m INFO&amp#27;[0;39m &amp#27;[35m88279&amp#27;[0;39m &amp#27;[2m---&amp#27;[0;39m &amp#27;[2m[flightmanagement] [           main]&amp#27;[0;39m &amp#27;[2m&amp#27;[0;39m&amp#27;[36mcom.zaxxer.hikari.HikariDataSource      &amp#27;[0;39m &amp#27;[2m:&amp#27;[0;39m HikariPool-1 - Starting...
&amp#27;[2m2025-06-27T23:47:08.866-02:30&amp#27;[0;39m &amp#27;[32m INFO&amp#27;[0;39m &amp#27;[35m88279&amp#27;[0;39m &amp#27;[2m---&amp#27;[0;39m &amp#27;[2m[flightmanagement] [           main]&amp#27;[0;39m &amp#27;[2m&amp#27;[0;39m&amp#27;[36mcom.zaxxer.hikari.pool.HikariPool       &amp#27;[0;39m &amp#27;[2m:&amp#27;[0;39m HikariPool-1 - Added connection com.mysql.cj.jdbc.ConnectionImpl@30fbc23
&amp#27;[2m2025-06-27T23:47:08.867-02:30&amp#27;[0;39m &amp#27;[32m INFO&amp#27;[0;39m &amp#27;[35m88279&amp#27;[0;39m &amp#27;[2m---&amp#27;[0;39m &amp#27;[2m[flightmanagement] [           main]&amp#27;[0;39m &amp#27;[2m&amp#27;[0;39m&amp#27;[36mcom.zaxxer.hikari.HikariDataSource      &amp#27;[0;39m &amp#27;[2m:&amp#27;[0;39m HikariPool-1 - Start completed.
&amp#27;[2m2025-06-27T23:47:08.907-02:30&amp#27;[0;39m &amp#27;[33m WARN&amp#27;[0;39m &amp#27;[35m88279&amp#27;[0;39m &amp#27;[2m---&amp#27;[0;39m &amp#27;[2m[flightmanagement] [           main]&amp#27;[0;39m &amp#27;[2m&amp#27;[0;39m&amp#27;[36morg.hibernate.orm.deprecation           &amp#27;[0;39m &amp#27;[2m:&amp#27;[0;39m HHH90000025: MySQLDialect does not need to be specified explicitly using 'hibernate.dialect' (remove the property setting and it will be selected by default)
&amp#27;[2m2025-06-27T23:47:09.538-02:30&amp#27;[0;39m &amp#27;[32m INFO&amp#27;[0;39m &amp#27;[35m88279&amp#27;[0;39m &amp#27;[2m---&amp#27;[0;39m &amp#27;[2m[flightmanagement] [           main]&amp#27;[0;39m &amp#27;[2m&amp#27;[0;39m&amp#27;[36mo.h.e.t.j.p.i.JtaPlatformInitiator      &amp#27;[0;39m &amp#27;[2m:&amp#27;[0;39m HHH000489: No JTA platform available (set 'hibernate.transaction.jta.platform' to enable JTA platform integration)
&amp#27;[2m2025-06-27T23:47:09.659-02:30&amp#27;[0;39m &amp#27;[32m INFO&amp#27;[0;39m &amp#27;[35m88279&amp#27;[0;39m &amp#27;[2m---&amp#27;[0;39m &amp#27;[2m[flightmanagement] [           main]&amp#27;[0;39m &amp#27;[2m&amp#27;[0;39m&amp#27;[36mj.LocalContainerEntityManagerFactoryBean&amp#27;[0;39m &amp#27;[2m:&amp#27;[0;39m Initialized JPA EntityManagerFactory for persistence unit 'default'
&amp#27;[2m2025-06-27T23:47:09.899-02:30&amp#27;[0;39m &amp#27;[33m WARN&amp#27;[0;39m &amp#27;[35m88279&amp#27;[0;39m &amp#27;[2m---&amp#27;[0;39m &amp#27;[2m[flightmanagement] [           main]&amp#27;[0;39m &amp#27;[2m&amp#27;[0;39m&amp#27;[36mJpaBaseConfiguration$JpaWebConfiguration&amp#27;[0;39m &amp#27;[2m:&amp#27;[0;39m spring.jpa.open-in-view is enabled by default. Therefore, database queries may be performed during view rendering. Explicitly configure spring.jpa.open-in-view to disable this warning
&amp#27;[2m2025-06-27T23:47:10.083-02:30&amp#27;[0;39m &amp#27;[32m INFO&amp#27;[0;39m &amp#27;[35m88279&amp#27;[0;39m &amp#27;[2m---&amp#27;[0;39m &amp#27;[2m[flightmanagement] [           main]&amp#27;[0;39m &amp#27;[2m&amp#27;[0;39m&amp#27;[36mc.t.f.FlightmanagementApplicationTests  &amp#27;[0;39m &amp#27;[2m:&amp#27;[0;39m Started FlightmanagementApplicationTests in 2.681 seconds (process running for 3.154)
Hibernate: select a1_0.id,a1_0.airline_name,a1_0.number_of_passengers,a1_0.registration_number,a1_0.type from aircraft a1_0
Hibernate: delete from aircraft_airport where aircraft_id=?
Hibernate: delete from aircraft_passenger where aircraft_id=?
Hibernate: delete from aircraft_airport where aircraft_id=?
Hibernate: delete from aircraft_passenger where aircraft_id=?
Hibernate: delete from aircraft_airport where aircraft_id=?
Hibernate: delete from aircraft_passenger where aircraft_id=?
Hibernate: delete from aircraft where id=?
Hibernate: delete from aircraft where id=?
Hibernate: delete from aircraft where id=?
Hibernate: select p1_0.id,p1_0.city_id,p1_0.first_name,p1_0.last_name,p1_0.phone_number from passenger p1_0
Hibernate: select c1_0.id,c1_0.name,c1_0.population,c1_0.province from city c1_0 where c1_0.id=?
Hibernate: select c1_0.id,c1_0.name,c1_0.population,c1_0.province from city c1_0 where c1_0.id=?
Hibernate: select c1_0.id,c1_0.name,c1_0.population,c1_0.province from city c1_0 where c1_0.id=?
Hibernate: select c1_0.id,c1_0.name,c1_0.population,c1_0.province from city c1_0 where c1_0.id=?
Hibernate: select c1_0.id,c1_0.name,c1_0.population,c1_0.province from city c1_0 where c1_0.id=?
Hibernate: select c1_0.id,c1_0.name,c1_0.population,c1_0.province from city c1_0 where c1_0.id=?
Hibernate: delete from passenger where id=?
Hibernate: delete from passenger where id=?
Hibernate: delete from passenger where id=?
Hibernate: delete from passenger where id=?
Hibernate: delete from passenger where id=?
Hibernate: delete from passenger where id=?
Hibernate: delete from passenger where id=?
Hibernate: delete from passenger where id=?
Hibernate: select a1_0.id,a1_0.city_id,a1_0.code,a1_0.name from airport a1_0
Hibernate: select c1_0.id,c1_0.name,c1_0.population,c1_0.province from city c1_0 where c1_0.id=?
Hibernate: select c1_0.id,c1_0.name,c1_0.population,c1_0.province from city c1_0 where c1_0.id=?
Hibernate: select c1_0.id,c1_0.name,c1_0.population,c1_0.province from city c1_0 where c1_0.id=?
Hibernate: select c1_0.id,c1_0.name,c1_0.population,c1_0.province from city c1_0 where c1_0.id=?
Hibernate: select c1_0.id,c1_0.name,c1_0.population,c1_0.province from city c1_0 where c1_0.id=?
Hibernate: select c1_0.id,c1_0.name,c1_0.population,c1_0.province from city c1_0 where c1_0.id=?
Hibernate: delete from airport where id=?
Hibernate: delete from airport where id=?
Hibernate: delete from airport where id=?
Hibernate: delete from airport where id=?
Hibernate: delete from airport where id=?
Hibernate: delete from airport where id=?
Hibernate: select c1_0.id,c1_0.name,c1_0.population,c1_0.province from city c1_0
Hibernate: select a1_0.city_id,a1_0.id,a1_0.code,a1_0.name from airport a1_0 where a1_0.city_id=?
Hibernate: select p1_0.city_id,p1_0.id,p1_0.first_name,p1_0.last_name,p1_0.phone_number from passenger p1_0 where p1_0.city_id=?
Hibernate: select a1_0.city_id,a1_0.id,a1_0.code,a1_0.name from airport a1_0 where a1_0.city_id=?
Hibernate: select p1_0.city_id,p1_0.id,p1_0.first_name,p1_0.last_name,p1_0.phone_number from passenger p1_0 where p1_0.city_id=?
Hibernate: select a1_0.city_id,a1_0.id,a1_0.code,a1_0.name from airport a1_0 where a1_0.city_id=?
Hibernate: select p1_0.city_id,p1_0.id,p1_0.first_name,p1_0.last_name,p1_0.phone_number from passenger p1_0 where p1_0.city_id=?
Hibernate: select a1_0.city_id,a1_0.id,a1_0.code,a1_0.name from airport a1_0 where a1_0.city_id=?
Hibernate: select p1_0.city_id,p1_0.id,p1_0.first_name,p1_0.last_name,p1_0.phone_number from passenger p1_0 where p1_0.city_id=?
Hibernate: select a1_0.city_id,a1_0.id,a1_0.code,a1_0.name from airport a1_0 where a1_0.city_id=?
Hibernate: select p1_0.city_id,p1_0.id,p1_0.first_name,p1_0.last_name,p1_0.phone_number from passenger p1_0 where p1_0.city_id=?
Hibernate: select a1_0.city_id,a1_0.id,a1_0.code,a1_0.name from airport a1_0 where a1_0.city_id=?
Hibernate: select p1_0.city_id,p1_0.id,p1_0.first_name,p1_0.last_name,p1_0.phone_number from passenger p1_0 where p1_0.city_id=?
Hibernate: delete from city where id=?
Hibernate: delete from city where id=?
Hibernate: delete from city where id=?
Hibernate: delete from city where id=?
Hibernate: delete from city where id=?
Hibernate: delete from city where id=?
Hibernate: insert into city (name,population,province) values (?,?,?)
Hibernate: insert into city (name,population,province) values (?,?,?)
Hibernate: insert into city (name,population,province) values (?,?,?)
Hibernate: insert into city (name,population,province) values (?,?,?)
Hibernate: insert into city (name,population,province) values (?,?,?)
Hibernate: insert into city (name,population,province) values (?,?,?)
Hibernate: insert into airport (city_id,code,name) values (?,?,?)
Hibernate: insert into airport (city_id,code,name) values (?,?,?)
Hibernate: insert into airport (city_id,code,name) values (?,?,?)
Hibernate: insert into airport (city_id,code,name) values (?,?,?)
Hibernate: insert into airport (city_id,code,name) values (?,?,?)
Hibernate: insert into airport (city_id,code,name) values (?,?,?)
Hibernate: select c1_0.id,c1_0.name,c1_0.population,c1_0.province,a1_0.city_id,a1_0.id,a1_0.code,a1_0.name from city c1_0 left join airport a1_0 on c1_0.id=a1_0.city_id where c1_0.id=?
Hibernate: select p1_0.city_id,p1_0.id,p1_0.first_name,p1_0.last_name,p1_0.phone_number from passenger p1_0 where p1_0.city_id=?
Hibernate: select c1_0.id,c1_0.name,c1_0.population,c1_0.province,a1_0.city_id,a1_0.id,a1_0.code,a1_0.name from city c1_0 left join airport a1_0 on c1_0.id=a1_0.city_id where c1_0.id=?
Hibernate: select p1_0.city_id,p1_0.id,p1_0.first_name,p1_0.last_name,p1_0.phone_number from passenger p1_0 where p1_0.city_id=?
Hibernate: select c1_0.id,c1_0.name,c1_0.population,c1_0.province,a1_0.city_id,a1_0.id,a1_0.code,a1_0.name from city c1_0 left join airport a1_0 on c1_0.id=a1_0.city_id where c1_0.id=?
Hibernate: select p1_0.city_id,p1_0.id,p1_0.first_name,p1_0.last_name,p1_0.phone_number from passenger p1_0 where p1_0.city_id=?
Hibernate: select c1_0.id,c1_0.name,c1_0.population,c1_0.province,a1_0.city_id,a1_0.id,a1_0.code,a1_0.name from city c1_0 left join airport a1_0 on c1_0.id=a1_0.city_id where c1_0.id=?
Hibernate: select p1_0.city_id,p1_0.id,p1_0.first_name,p1_0.last_name,p1_0.phone_number from passenger p1_0 where p1_0.city_id=?
Hibernate: select c1_0.id,c1_0.name,c1_0.population,c1_0.province,a1_0.city_id,a1_0.id,a1_0.code,a1_0.name from city c1_0 left join airport a1_0 on c1_0.id=a1_0.city_id where c1_0.id=?
Hibernate: select p1_0.city_id,p1_0.id,p1_0.first_name,p1_0.last_name,p1_0.phone_number from passenger p1_0 where p1_0.city_id=?
Hibernate: select c1_0.id,c1_0.name,c1_0.population,c1_0.province,a1_0.city_id,a1_0.id,a1_0.code,a1_0.name from city c1_0 left join airport a1_0 on c1_0.id=a1_0.city_id where c1_0.id=?
Hibernate: select p1_0.city_id,p1_0.id,p1_0.first_name,p1_0.last_name,p1_0.phone_number from passenger p1_0 where p1_0.city_id=?
Hibernate: insert into passenger (city_id,first_name,last_name,phone_number) values (?,?,?,?)
Hibernate: insert into passenger (city_id,first_name,last_name,phone_number) values (?,?,?,?)
Hibernate: insert into passenger (city_id,first_name,last_name,phone_number) values (?,?,?,?)
Hibernate: insert into passenger (city_id,first_name,last_name,phone_number) values (?,?,?,?)
Hibernate: insert into passenger (city_id,first_name,last_name,phone_number) values (?,?,?,?)
Hibernate: insert into passenger (city_id,first_name,last_name,phone_number) values (?,?,?,?)
Hibernate: insert into passenger (city_id,first_name,last_name,phone_number) values (?,?,?,?)
Hibernate: insert into passenger (city_id,first_name,last_name,phone_number) values (?,?,?,?)
Hibernate: insert into aircraft (airline_name,number_of_passengers,registration_number,type) values (?,?,?,?)
Hibernate: insert into aircraft (airline_name,number_of_passengers,registration_number,type) values (?,?,?,?)
Hibernate: insert into aircraft (airline_name,number_of_passengers,registration_number,type) values (?,?,?,?)
Hibernate: insert into aircraft_airport (aircraft_id,airport_id) values (?,?)
Hibernate: insert into aircraft_airport (aircraft_id,airport_id) values (?,?)
Hibernate: insert into aircraft_passenger (aircraft_id,passenger_id) values (?,?)
Hibernate: insert into aircraft_passenger (aircraft_id,passenger_id) values (?,?)
Hibernate: insert into aircraft_passenger (aircraft_id,passenger_id) values (?,?)
Hibernate: insert into aircraft_airport (aircraft_id,airport_id) values (?,?)
Hibernate: insert into aircraft_airport (aircraft_id,airport_id) values (?,?)
Hibernate: insert into aircraft_passenger (aircraft_id,passenger_id) values (?,?)
Hibernate: insert into aircraft_passenger (aircraft_id,passenger_id) values (?,?)
Hibernate: insert into aircraft_airport (aircraft_id,airport_id) values (?,?)
Hibernate: insert into aircraft_airport (aircraft_id,airport_id) values (?,?)
Hibernate: insert into aircraft_passenger (aircraft_id,passenger_id) values (?,?)
Hibernate: insert into aircraft_passenger (aircraft_id,passenger_id) values (?,?)
Hibernate: insert into aircraft_passenger (aircraft_id,passenger_id) values (?,?)
Hibernate: select p1_0.id,c1_0.id,c1_0.name,c1_0.population,c1_0.province,a1_0.city_id,a1_0.id,a1_0.code,a1_0.name,p1_0.first_name,p1_0.last_name,p1_0.phone_number from passenger p1_0 left join city c1_0 on c1_0.id=p1_0.city_id left join airport a1_0 on c1_0.id=a1_0.city_id where p1_0.id=?
Hibernate: select p1_0.city_id,p1_0.id,p1_0.first_name,p1_0.last_name,p1_0.phone_number from passenger p1_0 where p1_0.city_id=?
Hibernate: select a1_0.id,a1_0.airline_name,a1_0.number_of_passengers,a1_0.registration_number,a1_0.type from aircraft a1_0 where a1_0.id=?
Hibernate: select p1_0.id,c1_0.id,c1_0.name,c1_0.population,c1_0.province,a1_0.city_id,a1_0.id,a1_0.code,a1_0.name,p1_0.first_name,p1_0.last_name,p1_0.phone_number from passenger p1_0 left join city c1_0 on c1_0.id=p1_0.city_id left join airport a1_0 on c1_0.id=a1_0.city_id where p1_0.id=?
Hibernate: select p1_0.city_id,p1_0.id,p1_0.first_name,p1_0.last_name,p1_0.phone_number from passenger p1_0 where p1_0.city_id=?
Hibernate: select p1_0.id,c1_0.id,c1_0.name,c1_0.population,c1_0.province,a1_0.city_id,a1_0.id,a1_0.code,a1_0.name,p1_0.first_name,p1_0.last_name,p1_0.phone_number from passenger p1_0 left join city c1_0 on c1_0.id=p1_0.city_id left join airport a1_0 on c1_0.id=a1_0.city_id where p1_0.id=?
Hibernate: select p1_0.city_id,p1_0.id,p1_0.first_name,p1_0.last_name,p1_0.phone_number from passenger p1_0 where p1_0.city_id=?
Hibernate: select p1_0.id,c1_0.id,c1_0.name,c1_0.population,c1_0.province,a1_0.city_id,a1_0.id,a1_0.code,a1_0.name,p1_0.first_name,p1_0.last_name,p1_0.phone_number from passenger p1_0 left join city c1_0 on c1_0.id=p1_0.city_id left join airport a1_0 on c1_0.id=a1_0.city_id where p1_0.id=?
Hibernate: select p1_0.city_id,p1_0.id,p1_0.first_name,p1_0.last_name,p1_0.phone_number from passenger p1_0 where p1_0.city_id=?
Hibernate: select a1_0.id,a1_0.airline_name,a1_0.number_of_passengers,a1_0.registration_number,a1_0.type from aircraft a1_0 where a1_0.id=?
Hibernate: select p1_0.id,c1_0.id,c1_0.name,c1_0.population,c1_0.province,a1_0.city_id,a1_0.id,a1_0.code,a1_0.name,p1_0.first_name,p1_0.last_name,p1_0.phone_number from passenger p1_0 left join city c1_0 on c1_0.id=p1_0.city_id left join airport a1_0 on c1_0.id=a1_0.city_id where p1_0.id=?
Hibernate: select p1_0.city_id,p1_0.id,p1_0.first_name,p1_0.last_name,p1_0.phone_number from passenger p1_0 where p1_0.city_id=?
Hibernate: select a1_0.id,a1_0.airline_name,a1_0.number_of_passengers,a1_0.registration_number,a1_0.type from aircraft a1_0 where a1_0.id=?
Hibernate: select p1_0.id,c1_0.id,c1_0.name,c1_0.population,c1_0.province,a1_0.city_id,a1_0.id,a1_0.code,a1_0.name,p1_0.first_name,p1_0.last_name,p1_0.phone_number from passenger p1_0 left join city c1_0 on c1_0.id=p1_0.city_id left join airport a1_0 on c1_0.id=a1_0.city_id where p1_0.id=?
Hibernate: select p1_0.city_id,p1_0.id,p1_0.first_name,p1_0.last_name,p1_0.phone_number from passenger p1_0 where p1_0.city_id=?
Hibernate: select a1_0.id,c1_0.id,c1_0.name,c1_0.population,c1_0.province,p1_0.city_id,p1_0.id,p1_0.first_name,p1_0.last_name,p1_0.phone_number,a1_0.code,a1_0.name from airport a1_0 left join city c1_0 on c1_0.id=a1_0.city_id left join passenger p1_0 on c1_0.id=p1_0.city_id where a1_0.id=?
Hibernate: select a1_0.city_id,a1_0.id,a1_0.code,a1_0.name from airport a1_0 where a1_0.city_id=?
Hibernate: select a1_0.id,a1_0.airline_name,a1_0.number_of_passengers,a1_0.registration_number,a1_0.type from aircraft a1_0 where a1_0.id=?
Hibernate: select a1_0.id,c1_0.id,c1_0.name,c1_0.population,c1_0.province,p1_0.city_id,p1_0.id,p1_0.first_name,p1_0.last_name,p1_0.phone_number,a1_0.code,a1_0.name from airport a1_0 left join city c1_0 on c1_0.id=a1_0.city_id left join passenger p1_0 on c1_0.id=p1_0.city_id where a1_0.id=?
Hibernate: select a1_0.city_id,a1_0.id,a1_0.code,a1_0.name from airport a1_0 where a1_0.city_id=?
Hibernate: select a1_0.id,c1_0.id,c1_0.name,c1_0.population,c1_0.province,p1_0.city_id,p1_0.id,p1_0.first_name,p1_0.last_name,p1_0.phone_number,a1_0.code,a1_0.name from airport a1_0 left join city c1_0 on c1_0.id=a1_0.city_id left join passenger p1_0 on c1_0.id=p1_0.city_id where a1_0.id=?
Hibernate: select a1_0.city_id,a1_0.id,a1_0.code,a1_0.name from airport a1_0 where a1_0.city_id=?
Hibernate: select a1_0.id,a1_0.airline_name,a1_0.number_of_passengers,a1_0.registration_number,a1_0.type from aircraft a1_0 where a1_0.id=?
Hibernate: select a1_0.id,c1_0.id,c1_0.name,c1_0.population,c1_0.province,p1_0.city_id,p1_0.id,p1_0.first_name,p1_0.last_name,p1_0.phone_number,a1_0.code,a1_0.name from airport a1_0 left join city c1_0 on c1_0.id=a1_0.city_id left join passenger p1_0 on c1_0.id=p1_0.city_id where a1_0.id=?
Hibernate: select a1_0.city_id,a1_0.id,a1_0.code,a1_0.name from airport a1_0 where a1_0.city_id=?
Hibernate: select a1_0.id,c1_0.id,c1_0.name,c1_0.population,c1_0.province,p1_0.city_id,p1_0.id,p1_0.first_name,p1_0.last_name,p1_0.phone_number,a1_0.code,a1_0.name from airport a1_0 left join city c1_0 on c1_0.id=a1_0.city_id left join passenger p1_0 on c1_0.id=p1_0.city_id where a1_0.id=?
Hibernate: select a1_0.city_id,a1_0.id,a1_0.code,a1_0.name from airport a1_0 where a1_0.city_id=?
Hibernate: select a1_0.id,a1_0.airline_name,a1_0.number_of_passengers,a1_0.registration_number,a1_0.type from aircraft a1_0 where a1_0.id=?
Hibernate: select a1_0.id,c1_0.id,c1_0.name,c1_0.population,c1_0.province,p1_0.city_id,p1_0.id,p1_0.first_name,p1_0.last_name,p1_0.phone_number,a1_0.code,a1_0.name from airport a1_0 left join city c1_0 on c1_0.id=a1_0.city_id left join passenger p1_0 on c1_0.id=p1_0.city_id where a1_0.id=?
Hibernate: select a1_0.city_id,a1_0.id,a1_0.code,a1_0.name from airport a1_0 where a1_0.city_id=?
]]></system-out>
    <system-err><![CDATA[WARNING: A Java agent has been loaded dynamically (/Users/stevemorrison/.m2/repository/net/bytebuddy/byte-buddy-agent/1.14.13/byte-buddy-agent-1.14.13.jar)
WARNING: If a serviceability tool is in use, please run with -XX:+EnableDynamicAgentLoading to hide this warning
WARNING: If a serviceability tool is not in use, please run with -Djdk.instrument.traceUsage for more information
WARNING: Dynamic loading of agents will be disallowed by default in a future release
]]></system-err>
  </testcase>
</testsuite>